C51 COMPILER V9.00   8255                                                                  12/28/2018 20:10:38 PAGE 1   


C51 COMPILER V9.00, COMPILATION OF MODULE 8255
OBJECT MODULE PLACED IN .\Objects\8255.obj
COMPILER INVOKED BY: D:\program files\keil\C51\BIN\C51.EXE src\8255.c LARGE OPTIMIZE(8,SPEED) BROWSE INCDIR(.\src) DEBUG
                    - OBJECTEXTEND PRINT(.\Listings\8255.lst) TABS(2) OBJECT(.\Objects\8255.obj)

line level    source

   1          
   2          /***********************8255.c*****************************/
   3          #include "8255.h"
   4          #include "delay.h"
   5          #include "stdDtype.h"
   6          //8255地址定义
   7          unsigned char xdata IO8255PortA _at_ 0xF800;
   8          unsigned char xdata IO8255PortB _at_ 0xF801;
   9          unsigned char xdata IO8255PortC _at_ 0xF802;
  10          unsigned char xdata IO8255PortCtl _at_ 0xF803;
  11          
  12          //8255初始化函数
  13          void IO8255Init(IO8255Init_t IO8255InitStuction)
  14          {
  15   1        unsigned char xdata initData = 0x80;
  16   1        
  17   1        //根据输入状态配置控制字并发送
  18   1        initData|=(IO8255InitStuction.portAInit.IO8255Mode<<5);
  19   1        initData|=(IO8255InitStuction.portAInit.IOInOrOut<<4);
  20   1        
  21   1        initData|=(IO8255InitStuction.portBInit.IO8255Mode<<2);
  22   1        initData|=(IO8255InitStuction.portBInit.IOInOrOut<<1);
  23   1        
  24   1        initData|=(IO8255InitStuction.portCUInit.IOInOrOut<<3);
  25   1        
  26   1        initData|=(IO8255InitStuction.portCLInit.IOInOrOut);
  27   1        
  28   1        IO8255PortCtl = initData;
  29   1        
  30   1      }
  31          
  32          //8255输出引脚置位复位函数
  33          void IO8255SetBit(IO8255PortDef_t IOPort , unsigned char IOBit , unsigned char state)
  34          {
  35   1        //根据端口号，引脚号和状态对对应的位进行置位和复位
  36   1        if(state)
  37   1        {
  38   2          switch(IOPort)
  39   2          {
  40   3            case PortA:
  41   3              IO8255PortA = IO8255PortA|(0x01<<IOBit);
  42   3            break;
  43   3            case PortB:
  44   3              IO8255PortB = IO8255PortB|(0x01<<IOBit);
  45   3            break;
  46   3            case PortC:
  47   3              IO8255PortCtl = 0x01|(IOBit<<1);
  48   3            break;
  49   3            default:
  50   3            break;
  51   3          }
  52   2        }
  53   1        else
  54   1        {
C51 COMPILER V9.00   8255                                                                  12/28/2018 20:10:38 PAGE 2   

  55   2          switch(IOPort)
  56   2          {
  57   3            case PortA:
  58   3              IO8255PortA = IO8255PortA&(~(0x01<<IOBit));
  59   3            break;
  60   3            case PortB:
  61   3              IO8255PortB = IO8255PortB&(~(0x01<<IOBit));
  62   3            break;
  63   3            case PortC:
  64   3              IO8255PortCtl = 0x00|(IOBit<<1);
  65   3            break;
  66   3            default:
  67   3            break;
  68   3          } 
  69   2        }
  70   1      }
  71          
  72          //读取8255一个位的函数
  73          unsigned char IO8255ReadBit(IO8255PortDef_t IOPort , unsigned char IOBit)
  74          {
  75   1        //根据输入端口号和引脚号返回对应的位的值
  76   1        switch(IOPort)
  77   1        {
  78   2          case PortA:
  79   2            return (IO8255PortA&(0x01<<IOBit))!=0;
  80   2          break;
  81   2          case PortB:
  82   2            return (IO8255PortB&(0x01<<IOBit))!=0;
  83   2          break;
  84   2          case PortC:
  85   2            return (IO8255PortC&(0x01<<IOBit))!=0;
  86   2          break;
  87   2          default:
  88   2          break;
  89   2        }
  90   1        return 0;
  91   1      }
  92          
  93          void SendData_8225(uint8_t dataBuf)
  94          {
  95   1        IO8255PortA = dataBuf;
  96   1      }
  97          
  98          
  99          // 课本上的例程测试
 100          void test8255(void)
 101          {
 102   1        unsigned char i;
 103   1        IO8255PortCtl = 0x90;
 104   1        while(1)
 105   1        {
 106   2          i = IO8255PortA;
 107   2          DelayMs(250);
 108   2          IO8255PortB = ~i;
 109   2        }
 110   1      }


MODULE INFORMATION:   STATIC OVERLAYABLE
   CODE SIZE        =    320    ----
   CONSTANT SIZE    =   ----    ----
   XDATA SIZE       =   ----       9
C51 COMPILER V9.00   8255                                                                  12/28/2018 20:10:38 PAGE 3   

   PDATA SIZE       =   ----    ----
   DATA SIZE        =   ----    ----
   IDATA SIZE       =   ----    ----
   BIT SIZE         =   ----    ----
END OF MODULE INFORMATION.


C51 COMPILATION COMPLETE.  0 WARNING(S),  0 ERROR(S)
