C51 COMPILER V9.00   ADC                                                                   12/28/2018 20:10:38 PAGE 1   


C51 COMPILER V9.00, COMPILATION OF MODULE ADC
OBJECT MODULE PLACED IN .\Objects\adc.obj
COMPILER INVOKED BY: D:\program files\keil\C51\BIN\C51.EXE src\adc.c LARGE OPTIMIZE(8,SPEED) BROWSE INCDIR(.\src) DEBUG 
                    -OBJECTEXTEND PRINT(.\Listings\adc.lst) TABS(2) OBJECT(.\Objects\adc.obj)

line level    source

   1          #include "adc.h"
   2          #include "stdDtype.h"
   3          #include "delay.h"
   4          #include "HD7279.h"
   5          unsigned char xdata DAC0832 _at_ 0xFD00;
   6          unsigned char xdata ADC0804 _at_ 0xFE00;
   7          
   8          void startAdc(void)
   9          {
  10   1        ADC0804 = 0x00;
  11   1      }
  12          
  13          
  14          //获得ADC值
  15          uint8_t GetAdcValue(void)
  16          {
  17   1        uint8_t adcvalue = 0;
  18   1        adcvalue = ADC0804;
  19   1        
  20   1        return adcvalue;
  21   1      }
  22          
  23          //ADC缩放
  24          float GetVoltage(float min,float max)
  25          {
  26   1        uint8_t adcvalue = GetAdcValue();
  27   1        float vol = (max - min)/255.0f*adcvalue + min;
  28   1        return vol;
  29   1      }
  30          
  31          //DAC输出
  32          void dacOut(unsigned char dataNum)
  33          {
  34   1        DAC0832 = dataNum;
  35   1      }


MODULE INFORMATION:   STATIC OVERLAYABLE
   CODE SIZE        =    117    ----
   CONSTANT SIZE    =   ----    ----
   XDATA SIZE       =   ----       9
   PDATA SIZE       =   ----    ----
   DATA SIZE        =   ----    ----
   IDATA SIZE       =   ----    ----
   BIT SIZE         =   ----    ----
END OF MODULE INFORMATION.


C51 COMPILATION COMPLETE.  0 WARNING(S),  0 ERROR(S)
