C51 COMPILER V9.00   DELAY                                                                 12/28/2018 20:10:36 PAGE 1   


C51 COMPILER V9.00, COMPILATION OF MODULE DELAY
OBJECT MODULE PLACED IN .\Objects\delay.obj
COMPILER INVOKED BY: D:\program files\keil\C51\BIN\C51.EXE src\delay.c LARGE OPTIMIZE(8,SPEED) BROWSE INCDIR(.\src) DEBU
                    -G OBJECTEXTEND PRINT(.\Listings\delay.lst) TABS(2) OBJECT(.\Objects\delay.obj)

line level    source

   1          
   2          /************************delay.c******************************/
   3          #include "delay.h"
   4          #include "intrins.h"
   5          #include "stdDtype.h"
   6          
   7          //毫秒延时函数
   8          void DelayMs(unsigned int timeMs)
   9          {
  10   1      #define TIME_1_MS (355)
  11   1        unsigned int xdata nMsCounter = 0;
  12   1        unsigned short xdata msCounter = 0;
  13   1        unsigned char xdata i = 0;
  14   1        for(nMsCounter = 0 ; nMsCounter < timeMs ; nMsCounter++)
  15   1        {
  16   2          for(msCounter = 0 ; msCounter < TIME_1_MS ; msCounter++)
  17   2          {
  18   3            i = 1;
  19   3          }
  20   2        }
  21   1      }
  22          
  23          void DelayUs(uint16_t i)
  24          {
  25   1        for(; i > 0; i --);
  26   1      }
  27          //10微秒延时函数
  28          void Delay10Us(unsigned int timeUs)
  29          {
  30   1      #define TIME_10_US (4)
  31   1        unsigned int xdata nUsCounter = 0;
  32   1        unsigned char xdata usCounter = 0;
  33   1        for(nUsCounter = 0 ; nUsCounter < timeUs ; nUsCounter++)
  34   1        {
  35   2          for(usCounter = 0 ; usCounter < TIME_10_US ; usCounter++)
  36   2          {
  37   3          
  38   3          }
  39   2        }
  40   1      }
  41          
  42          void Delay10Us_4M(unsigned int timeUs)
  43          {
  44   1        unsigned int xdata nUsCounter = 0;
  45   1        for(nUsCounter = 0 ; nUsCounter < timeUs ; nUsCounter++)
  46   1        {
  47   2          _nop_();
  48   2          _nop_();
  49   2          _nop_();
  50   2        }
  51   1      }
  52          
  53          void Delay500ms()   //@11.0592MHz
  54          {
C51 COMPILER V9.00   DELAY                                                                 12/28/2018 20:10:36 PAGE 2   

  55   1        unsigned char i, j, k;
  56   1      
  57   1        _nop_();
  58   1        _nop_();
  59   1        i = 22;
  60   1        j = 3;
  61   1        k = 227;
  62   1        do
  63   1        {
  64   2          do
  65   2          {
  66   3            while (--k);
  67   3          } while (--j);
  68   2        } while (--i);
  69   1      }


MODULE INFORMATION:   STATIC OVERLAYABLE
   CODE SIZE        =    112    ----
   CONSTANT SIZE    =   ----    ----
   XDATA SIZE       =   ----    ----
   PDATA SIZE       =   ----    ----
   DATA SIZE        =   ----    ----
   IDATA SIZE       =   ----    ----
   BIT SIZE         =   ----    ----
END OF MODULE INFORMATION.


C51 COMPILATION COMPLETE.  0 WARNING(S),  0 ERROR(S)
